<?xml version="1.0" encoding="UTF-8"?>
<!-- Generated by org.testng.reporters.JUnitReportReporter -->
<testsuite hostname="Manoj" failures="0" tests="4" name="testLayer.LoginTest" time="32.520" errors="0" timestamp="2023-06-21T23:33:06 EDT" skipped="0">
  <testcase classname="testLayer.LoginTest" name="Title" time="4.431"/>
  <system-out/>
  <testcase classname="testLayer.LoginTest" name="login" time="7.722"/>
  <system-out/>
  <testcase classname="testLayer.LoginTest" name="login" time="9.559"/>
  <system-out/>
  <testcase classname="testLayer.LoginTest" name="login" time="10.808"/>
  <system-out/>
</testsuite> <!-- testLayer.LoginTest -->
